<?xml version="1.0" encoding="UTF-8"?>
<testng-results ignored="0" total="2" passed="1" failed="1" skipped="0">
  <reporter-output>
  </reporter-output>
  <suite started-at="2023-03-25T14:31:58 EDT" name="Default suite" finished-at="2023-03-25T14:32:16 EDT" duration-ms="18583">
    <groups>
    </groups>
    <test started-at="2023-03-25T14:31:58 EDT" name="Default test" finished-at="2023-03-25T14:32:16 EDT" duration-ms="18583">
      <class name="com.automationcode_Mar_25_2023.Rediff_CssSelector">
        <test-method is-config="true" signature="OpenBrowser()[pri:0, instance:com.automationcode_Mar_25_2023.Rediff_CssSelector@3b0fe47a]" started-at="2023-03-25T14:31:58 EDT" name="OpenBrowser" finished-at="2023-03-25T14:32:07 EDT" duration-ms="8968" status="PASS">
          <reporter-output>
          </reporter-output>
        </test-method> <!-- OpenBrowser -->
        <test-method signature="clickOnSignIn()[pri:0, instance:com.automationcode_Mar_25_2023.Rediff_CssSelector@3b0fe47a]" started-at="2023-03-25T14:32:07 EDT" name="clickOnSignIn" finished-at="2023-03-25T14:32:09 EDT" duration-ms="2095" status="PASS">
          <reporter-output>
          </reporter-output>
        </test-method> <!-- clickOnSignIn -->
        <test-method is-config="true" signature="tearDown()[pri:0, instance:com.automationcode_Mar_25_2023.Rediff_CssSelector@3b0fe47a]" started-at="2023-03-25T14:32:09 EDT" name="tearDown" finished-at="2023-03-25T14:32:09 EDT" duration-ms="116" status="PASS">
          <reporter-output>
          </reporter-output>
        </test-method> <!-- tearDown -->
        <test-method is-config="true" signature="OpenBrowser()[pri:0, instance:com.automationcode_Mar_25_2023.Rediff_CssSelector@3b0fe47a]" started-at="2023-03-25T14:32:09 EDT" name="OpenBrowser" finished-at="2023-03-25T14:32:16 EDT" duration-ms="7211" status="PASS">
          <reporter-output>
          </reporter-output>
        </test-method> <!-- OpenBrowser -->
        <test-method signature="loginCredentials()[pri:0, instance:com.automationcode_Mar_25_2023.Rediff_CssSelector@3b0fe47a]" started-at="2023-03-25T14:32:16 EDT" name="loginCredentials" finished-at="2023-03-25T14:32:16 EDT" duration-ms="46" status="FAIL">
          <exception class="org.openqa.selenium.NoSuchElementException">
            <message>
              <![CDATA[no such element: Unable to locate element: {"method":"css selector","selector":"input#login1"}
  (Session info: chrome=111.0.5563.110)
For documentation on this error, please visit: https://selenium.dev/exceptions/#no_such_element
Build info: version: '4.8.2', revision: '826dbfc730'
System info: os.name: 'Mac OS X', os.arch: 'x86_64', os.version: '13.2.1', java.version: '17.0.5'
Driver info: org.openqa.selenium.chrome.ChromeDriver
Command: [a304b4435f477585b3a8b9103ef3fbf8, findElement {using=css selector, value=input#login1}]
Capabilities {acceptInsecureCerts: false, browserName: chrome, browserVersion: 111.0.5563.110, chrome: {chromedriverVersion: 111.0.5563.64 (c710e93d5b63..., userDataDir: /var/folders/2x/w8lhtnt13hb...}, goog:chromeOptions: {debuggerAddress: localhost:53109}, networkConnectionEnabled: false, pageLoadStrategy: normal, platformName: MAC, proxy: Proxy(), se:cdp: ws://localhost:53109/devtoo..., se:cdpVersion: 111.0.5563.110, setWindowRect: true, strictFileInteractability: false, timeouts: {implicit: 0, pageLoad: 300000, script: 30000}, unhandledPromptBehavior: dismiss and notify, webauthn:extension:credBlob: true, webauthn:extension:largeBlob: true, webauthn:extension:minPinLength: true, webauthn:extension:prf: true, webauthn:virtualAuthenticators: true}
Session ID: a304b4435f477585b3a8b9103ef3fbf8]]>
            </message>
            <full-stacktrace>
              <![CDATA[org.openqa.selenium.NoSuchElementException: no such element: Unable to locate element: {"method":"css selector","selector":"input#login1"}
  (Session info: chrome=111.0.5563.110)
For documentation on this error, please visit: https://selenium.dev/exceptions/#no_such_element
Build info: version: '4.8.2', revision: '826dbfc730'
System info: os.name: 'Mac OS X', os.arch: 'x86_64', os.version: '13.2.1', java.version: '17.0.5'
Driver info: org.openqa.selenium.chrome.ChromeDriver
Command: [a304b4435f477585b3a8b9103ef3fbf8, findElement {using=css selector, value=input#login1}]
Capabilities {acceptInsecureCerts: false, browserName: chrome, browserVersion: 111.0.5563.110, chrome: {chromedriverVersion: 111.0.5563.64 (c710e93d5b63..., userDataDir: /var/folders/2x/w8lhtnt13hb...}, goog:chromeOptions: {debuggerAddress: localhost:53109}, networkConnectionEnabled: false, pageLoadStrategy: normal, platformName: MAC, proxy: Proxy(), se:cdp: ws://localhost:53109/devtoo..., se:cdpVersion: 111.0.5563.110, setWindowRect: true, strictFileInteractability: false, timeouts: {implicit: 0, pageLoad: 300000, script: 30000}, unhandledPromptBehavior: dismiss and notify, webauthn:extension:credBlob: true, webauthn:extension:largeBlob: true, webauthn:extension:minPinLength: true, webauthn:extension:prf: true, webauthn:virtualAuthenticators: true}
Session ID: a304b4435f477585b3a8b9103ef3fbf8
at java.base/jdk.internal.reflect.NativeConstructorAccessorImpl.newInstance0(Native Method)
at java.base/jdk.internal.reflect.NativeConstructorAccessorImpl.newInstance(NativeConstructorAccessorImpl.java:77)
at java.base/jdk.internal.reflect.DelegatingConstructorAccessorImpl.newInstance(DelegatingConstructorAccessorImpl.java:45)
at java.base/java.lang.reflect.Constructor.newInstanceWithCaller(Constructor.java:499)
at java.base/java.lang.reflect.Constructor.newInstance(Constructor.java:480)
at org.openqa.selenium.remote.codec.w3c.W3CHttpResponseCodec.createException(W3CHttpResponseCodec.java:200)
at org.openqa.selenium.remote.codec.w3c.W3CHttpResponseCodec.decode(W3CHttpResponseCodec.java:133)
at org.openqa.selenium.remote.codec.w3c.W3CHttpResponseCodec.decode(W3CHttpResponseCodec.java:53)
at org.openqa.selenium.remote.HttpCommandExecutor.execute(HttpCommandExecutor.java:193)
at org.openqa.selenium.remote.service.DriverCommandExecutor.invokeExecute(DriverCommandExecutor.java:183)
at org.openqa.selenium.remote.service.DriverCommandExecutor.execute(DriverCommandExecutor.java:158)
at org.openqa.selenium.remote.RemoteWebDriver.execute(RemoteWebDriver.java:543)
at org.openqa.selenium.remote.ElementLocation$ElementFinder$2.findElement(ElementLocation.java:162)
at org.openqa.selenium.remote.ElementLocation.findElement(ElementLocation.java:60)
at org.openqa.selenium.remote.RemoteWebDriver.findElement(RemoteWebDriver.java:352)
at org.openqa.selenium.remote.RemoteWebDriver.findElement(RemoteWebDriver.java:344)
at com.automationcode_Mar_25_2023.Rediff_CssSelector.loginCredentials(Rediff_CssSelector.java:27)
at java.base/jdk.internal.reflect.NativeMethodAccessorImpl.invoke0(Native Method)
at java.base/jdk.internal.reflect.NativeMethodAccessorImpl.invoke(NativeMethodAccessorImpl.java:77)
at java.base/jdk.internal.reflect.DelegatingMethodAccessorImpl.invoke(DelegatingMethodAccessorImpl.java:43)
at java.base/java.lang.reflect.Method.invoke(Method.java:568)
at org.testng.internal.MethodInvocationHelper.invokeMethod(MethodInvocationHelper.java:133)
at org.testng.internal.TestInvoker.invokeMethod(TestInvoker.java:598)
at org.testng.internal.TestInvoker.invokeTestMethod(TestInvoker.java:173)
at org.testng.internal.MethodRunner.runInSequence(MethodRunner.java:46)
at org.testng.internal.TestInvoker$MethodInvocationAgent.invoke(TestInvoker.java:824)
at org.testng.internal.TestInvoker.invokeTestMethods(TestInvoker.java:146)
at org.testng.internal.TestMethodWorker.invokeTestMethods(TestMethodWorker.java:146)
at org.testng.internal.TestMethodWorker.run(TestMethodWorker.java:128)
at java.base/java.util.ArrayList.forEach(ArrayList.java:1511)
at org.testng.TestRunner.privateRun(TestRunner.java:794)
at org.testng.TestRunner.run(TestRunner.java:596)
at org.testng.SuiteRunner.runTest(SuiteRunner.java:377)
at org.testng.SuiteRunner.runSequentially(SuiteRunner.java:371)
at org.testng.SuiteRunner.privateRun(SuiteRunner.java:332)
at org.testng.SuiteRunner.run(SuiteRunner.java:276)
at org.testng.SuiteRunnerWorker.runSuite(SuiteRunnerWorker.java:53)
at org.testng.SuiteRunnerWorker.run(SuiteRunnerWorker.java:96)
at org.testng.TestNG.runSuitesSequentially(TestNG.java:1212)
at org.testng.TestNG.runSuitesLocally(TestNG.java:1134)
at org.testng.TestNG.runSuites(TestNG.java:1063)
at org.testng.TestNG.run(TestNG.java:1031)
at org.testng.remote.AbstractRemoteTestNG.run(AbstractRemoteTestNG.java:115)
at org.testng.remote.RemoteTestNG.initAndRun(RemoteTestNG.java:251)
at org.testng.remote.RemoteTestNG.main(RemoteTestNG.java:77)
]]>
            </full-stacktrace>
          </exception> <!-- org.openqa.selenium.NoSuchElementException -->
          <reporter-output>
          </reporter-output>
        </test-method> <!-- loginCredentials -->
        <test-method is-config="true" signature="tearDown()[pri:0, instance:com.automationcode_Mar_25_2023.Rediff_CssSelector@3b0fe47a]" started-at="2023-03-25T14:32:16 EDT" name="tearDown" finished-at="2023-03-25T14:32:16 EDT" duration-ms="112" status="PASS">
          <reporter-output>
          </reporter-output>
        </test-method> <!-- tearDown -->
      </class> <!-- com.automationcode_Mar_25_2023.Rediff_CssSelector -->
    </test> <!-- Default test -->
  </suite> <!-- Default suite -->
</testng-results>
